2016-09-21 22:30:22.558965 [WARN] [DownloadEngineFactory.cc:197] Neither --rpc-secret nor a combination of --rpc-user and --rpc-passwd is set. This is insecure. It is extremely recommended to specify --rpc-secret with the adequate secrecy or now deprecated --rpc-user and --rpc-passwd.
2016-09-21 22:31:07.206988 [WARN] [DownloadEngineFactory.cc:197] Neither --rpc-secret nor a combination of --rpc-user and --rpc-passwd is set. This is insecure. It is extremely recommended to specify --rpc-secret with the adequate secrecy or now deprecated --rpc-user and --rpc-passwd.
2016-09-21 22:31:07.207411 [ERROR] [HttpListenCommand.cc:114] IPv4 RPC: failed to bind TCP port 6800
Exception: [SocketCore.cc:301] errorCode=1 绑定接口失败, 原因: 地址已在使用
2016-09-21 22:31:07.207492 [ERROR] [MultiUrlRequestInfo.cc:296] 捕捉到异常
Exception: [DownloadEngineFactory.cc:215] errorCode=1 Failed to setup RPC server.
2016-09-21 22:31:15.860538 [WARN] [DownloadEngineFactory.cc:197] Neither --rpc-secret nor a combination of --rpc-user and --rpc-passwd is set. This is insecure. It is extremely recommended to specify --rpc-secret with the adequate secrecy or now deprecated --rpc-user and --rpc-passwd.
2016-09-21 22:31:15.860855 [ERROR] [HttpListenCommand.cc:114] IPv4 RPC: failed to bind TCP port 6800
Exception: [SocketCore.cc:301] errorCode=1 绑定接口失败, 原因: 地址已在使用
2016-09-21 22:31:15.860913 [ERROR] [MultiUrlRequestInfo.cc:296] 捕捉到异常
Exception: [DownloadEngineFactory.cc:215] errorCode=1 Failed to setup RPC server.
2016-09-21 22:38:30.860979 [ERROR] [AbstractCommand.cc:398] CUID#8 - Download aborted. URI=https://d.pcs.baidu.com/file/c5f4e9d91c336a776842acbaa09e5e05?fid=1462700418-250528-911294583027155&time=1474468709&rt=sh&sign=FDTAERV-DCb740ccc5511e5e8fedcff06b081203-94zI6NBdn1CkZPhl3QycuODvx6c%3D&expires=8h&chkv=1&chkbd=0&chkpc=&dp-logid=6144785431025763387&dp-callid=0&r=524838698
Exception: [AbstractCommand.cc:398] errorCode=18 URI=http://shcm09.baidupcs.com/file/c5f4e9d91c336a776842acbaa09e5e05?bkt=p3-1400c5f4e9d91c336a776842acbaa09e5e057dab79250000000004d8&fid=1462700418-250528-911294583027155&time=1474468709&sign=FDTAXGERLBH-DCb740ccc5511e5e8fedcff06b081203-0%2F8PUUtuuUuAEkfGCOshkdGalvg%3D&to=sh09vb&fm=Nin,B,M,mn&sta_dx=1240&sta_cs=2057&sta_ft=zip&sta_ct=6&sta_mt=6&fm2=Ningbo,B,M,mn&newver=1&newfm=1&secfm=1&flow_ver=3&pkey=1400c5f4e9d91c336a776842acbaa09e5e057dab79250000000004d8&sl=79364174&expires=8h&rt=sh&r=524838698&mlogid=6144785431025763387&vuk=-&vbdid=-&fin=aria2.conf.zip&slt=pm&uta=3&rtype=1&iv=0&isw=0&dp-logid=6144785431025763387&dp-callid=0.1.1&csl=100&csign=3jGVYYASHQbhGvneTvxf2DSEuc8%3D
  -> [RequestGroup.cc:714] errorCode=18 下载已被取消
  -> [util.cc:1453] errNum=13 errorCode=18 目录 /Users/will/Downloads 创建失败, 原因: 权限不够
2016-09-21 22:42:11.967013 [WARN] [DownloadEngineFactory.cc:197] Neither --rpc-secret nor a combination of --rpc-user and --rpc-passwd is set. This is insecure. It is extremely recommended to specify --rpc-secret with the adequate secrecy or now deprecated --rpc-user and --rpc-passwd.
2016-09-21 22:42:11.967359 [ERROR] [HttpListenCommand.cc:114] IPv4 RPC: failed to bind TCP port 6800
Exception: [SocketCore.cc:301] errorCode=1 绑定接口失败, 原因: 地址已在使用
2016-09-21 22:42:11.967418 [ERROR] [MultiUrlRequestInfo.cc:296] 捕捉到异常
Exception: [DownloadEngineFactory.cc:215] errorCode=1 Failed to setup RPC server.
2016-09-21 22:43:26.078784 [ERROR] [AbstractCommand.cc:398] CUID#10 - Download aborted. URI=https://d.pcs.baidu.com/file/c5f4e9d91c336a776842acbaa09e5e05?fid=1462700418-250528-911294583027155&time=1474469004&rt=sh&sign=FDTAERV-DCb740ccc5511e5e8fedcff06b081203-SVpvWxcaaVfhaVCM8ydDt%2Fqog8Q%3D&expires=8h&chkv=1&chkbd=0&chkpc=&dp-logid=6144864628304741199&dp-callid=0&r=736937091
Exception: [AbstractCommand.cc:398] errorCode=18 URI=http://shcm09.baidupcs.com/file/c5f4e9d91c336a776842acbaa09e5e05?bkt=p3-1400c5f4e9d91c336a776842acbaa09e5e057dab79250000000004d8&fid=1462700418-250528-911294583027155&time=1474469004&sign=FDTAXGERLBH-DCb740ccc5511e5e8fedcff06b081203-6nrgZFbPHFL6RNxk7gWlTVDN4zg%3D&to=sh09vb&fm=Nin,B,M,mn&sta_dx=1240&sta_cs=2058&sta_ft=zip&sta_ct=6&sta_mt=6&fm2=Ningbo,B,M,mn&newver=1&newfm=1&secfm=1&flow_ver=3&pkey=1400c5f4e9d91c336a776842acbaa09e5e057dab79250000000004d8&sl=79364174&expires=8h&rt=sh&r=736937091&mlogid=6144864628304741199&vuk=-&vbdid=-&fin=aria2.conf.zip&slt=pm&uta=3&rtype=1&iv=0&isw=0&dp-logid=6144864628304741199&dp-callid=0.1.1&csl=100&csign=3jGVYYASHQbhGvneTvxf2DSEuc8%3D
  -> [RequestGroup.cc:714] errorCode=18 下载已被取消
  -> [util.cc:1453] errNum=13 errorCode=18 目录 /Users/will/Downloads 创建失败, 原因: 权限不够
2016-09-21 22:43:51.790797 [ERROR] [AbstractCommand.cc:398] CUID#11 - Download aborted. URI=https://d.pcs.baidu.com/file/c5f4e9d91c336a776842acbaa09e5e05?fid=1462700418-250528-911294583027155&time=1474469031&rt=sh&sign=FDTAERV-DCb740ccc5511e5e8fedcff06b081203-Q%2F%2BzsBrNZ8VUA6HXbc2NtWsiAEo%3D&expires=8h&chkv=1&chkbd=0&chkpc=&dp-logid=6144871691605088470&dp-callid=0&r=165641425
Exception: [AbstractCommand.cc:398] errorCode=18 URI=http://shcm09.baidupcs.com/file/c5f4e9d91c336a776842acbaa09e5e05?bkt=p3-1400c5f4e9d91c336a776842acbaa09e5e057dab79250000000004d8&fid=1462700418-250528-911294583027155&time=1474469031&sign=FDTAXGERLBH-DCb740ccc5511e5e8fedcff06b081203-icQ8r1zZMZVg3OPEMucPlU94KXc%3D&to=sh09vb&fm=Nin,B,M,mn&sta_dx=1240&sta_cs=2059&sta_ft=zip&sta_ct=6&sta_mt=6&fm2=Ningbo,B,M,mn&newver=1&newfm=1&secfm=1&flow_ver=3&pkey=1400c5f4e9d91c336a776842acbaa09e5e057dab79250000000004d8&sl=79364174&expires=8h&rt=sh&r=165641425&mlogid=6144871691605088470&vuk=-&vbdid=-&fin=aria2.conf.zip&slt=pm&uta=3&rtype=1&iv=0&isw=0&dp-logid=6144871691605088470&dp-callid=0.1.1&csl=100&csign=3jGVYYASHQbhGvneTvxf2DSEuc8%3D
  -> [RequestGroup.cc:714] errorCode=18 下载已被取消
  -> [util.cc:1453] errNum=13 errorCode=18 目录 /Users/will/Downloads 创建失败, 原因: 权限不够
2016-09-21 22:45:07.786105 [ERROR] [AbstractCommand.cc:398] CUID#13 - Download aborted. URI=https://d.pcs.baidu.com/file/3bf23ade43727954a73adcf8da70878b?fid=1762852994-250528-771010643107252&time=1474469107&rt=sh&sign=FDTAERV-DCb740ccc5511e5e8fedcff06b081203-5KSHFwFy%2FLSClOsIxU6iF9RB03I%3D&expires=8h&chkv=1&chkbd=0&chkpc=&dp-logid=6144892092452663653&dp-callid=0&r=400164633
Exception: [AbstractCommand.cc:398] errorCode=18 URI=http://183.233.12.62:8666/file/3bf23ade43727954a73adcf8da70878b?sdk_id=258&task_id=2481508889877676274&business_id=4097&bkt=p2-nb-608&xcode=7b0208baef1cb6aa907b92edb5530cb84a15ca2aed984ad10b2977702d3e6764&fid=1762852994-250528-771010643107252&time=1474469107&sign=FDTAXGERLBH-DCb740ccc5511e5e8fedcff06b081203-gSFoU2B%2BJ46303rkaoJcqqwKqXQ%3D&to=sd&fm=Nin,B,M,mn&sta_dx=337089134&sta_cs=136987&sta_ft=mp4&sta_ct=7&sta_mt=7&fm2=Ningbo,B,M,mn&newver=1&newfm=1&secfm=1&flow_ver=3&pkey=0000f207ee1729b9d00a2113a35fc841f4b6&sl=79364174&expires=8h&rt=sh&r=400164633&mlogid=6144892092452663653&vuk=-&vbdid=-&fin=%5Bttmeiju.com%5DGame.of.Thrones.S05E06.720p.HDTV.x264-IMMERSE_x264.mp4&slt=pm&uta=3&rtype=1&iv=0&isw=0&dp-logid=6144892092452663653&dp-callid=0.1.1&sdk_id=258&csl=100&csign=3jGVYYASHQbhGvneTvxf2DSEuc8%3D
  -> [RequestGroup.cc:714] errorCode=18 下载已被取消
  -> [util.cc:1453] errNum=13 errorCode=18 目录 /Users/will/Downloads 创建失败, 原因: 权限不够
2016-09-21 22:45:51.706354 [ERROR] [AbstractCommand.cc:398] CUID#15 - Download aborted. URI=https://d.pcs.baidu.com/file/3bf23ade43727954a73adcf8da70878b?fid=1762852994-250528-771010643107252&time=1474469151&rt=sh&sign=FDTAERV-DCb740ccc5511e5e8fedcff06b081203-2gYTASy3ojbW6jNOIYPILze2xgY%3D&expires=8h&chkv=1&chkbd=0&chkpc=&dp-logid=6144903876597189719&dp-callid=0&r=670694958
Exception: [AbstractCommand.cc:398] errorCode=18 URI=http://183.233.12.62:8666/file/3bf23ade43727954a73adcf8da70878b?sdk_id=258&task_id=2481511913534652667&business_id=4097&bkt=p2-nb-608&xcode=7b0208baef1cb6aa5ce48ca6b14148144a15ca2aed984ad10b2977702d3e6764&fid=1762852994-250528-771010643107252&time=1474469151&sign=FDTAXGERLBH-DCb740ccc5511e5e8fedcff06b081203-FyiHzPTRMBzqNw7pheZG%2BMUuhHw%3D&to=sd&fm=Nin,B,M,mn&sta_dx=337089134&sta_cs=136988&sta_ft=mp4&sta_ct=7&sta_mt=7&fm2=Ningbo,B,M,mn&newver=1&newfm=1&secfm=1&flow_ver=3&pkey=0000f207ee1729b9d00a2113a35fc841f4b6&sl=79364174&expires=8h&rt=sh&r=670694958&mlogid=6144903876597189719&vuk=-&vbdid=-&fin=%5Bttmeiju.com%5DGame.of.Thrones.S05E06.720p.HDTV.x264-IMMERSE_x264.mp4&slt=pm&uta=3&rtype=1&iv=0&isw=0&dp-logid=6144903876597189719&dp-callid=0.1.1&sdk_id=258&csl=100&csign=3jGVYYASHQbhGvneTvxf2DSEuc8%3D
  -> [RequestGroup.cc:714] errorCode=18 下载已被取消
  -> [util.cc:1453] errNum=13 errorCode=18 目录 /Users/will/Downloads 创建失败, 原因: 权限不够
2016-09-21 22:47:18.730372 [WARN] [DownloadEngineFactory.cc:197] Neither --rpc-secret nor a combination of --rpc-user and --rpc-passwd is set. This is insecure. It is extremely recommended to specify --rpc-secret with the adequate secrecy or now deprecated --rpc-user and --rpc-passwd.
2016-09-21 22:47:18.731474 [ERROR] [HttpListenCommand.cc:114] IPv4 RPC: failed to bind TCP port 6800
Exception: [SocketCore.cc:301] errorCode=1 绑定接口失败, 原因: 地址已在使用
2016-09-21 22:47:18.731683 [ERROR] [MultiUrlRequestInfo.cc:296] 捕捉到异常
Exception: [DownloadEngineFactory.cc:215] errorCode=1 Failed to setup RPC server.
2016-09-21 22:49:44.832898 [WARN] [DownloadEngineFactory.cc:197] Neither --rpc-secret nor a combination of --rpc-user and --rpc-passwd is set. This is insecure. It is extremely recommended to specify --rpc-secret with the adequate secrecy or now deprecated --rpc-user and --rpc-passwd.
2016-09-21 22:49:44.833382 [ERROR] [HttpListenCommand.cc:114] IPv4 RPC: failed to bind TCP port 6800
Exception: [SocketCore.cc:301] errorCode=1 绑定接口失败, 原因: 地址已在使用
2016-09-21 22:49:44.833475 [ERROR] [MultiUrlRequestInfo.cc:296] 捕捉到异常
Exception: [DownloadEngineFactory.cc:215] errorCode=1 Failed to setup RPC server.
2016-09-21 22:49:46.667706 [WARN] [DownloadEngineFactory.cc:197] Neither --rpc-secret nor a combination of --rpc-user and --rpc-passwd is set. This is insecure. It is extremely recommended to specify --rpc-secret with the adequate secrecy or now deprecated --rpc-user and --rpc-passwd.
2016-09-21 22:49:46.669141 [ERROR] [HttpListenCommand.cc:114] IPv4 RPC: failed to bind TCP port 6800
Exception: [SocketCore.cc:301] errorCode=1 绑定接口失败, 原因: 地址已在使用
2016-09-21 22:49:46.669436 [ERROR] [MultiUrlRequestInfo.cc:296] 捕捉到异常
Exception: [DownloadEngineFactory.cc:215] errorCode=1 Failed to setup RPC server.
2016-09-21 22:49:52.862985 [WARN] [DownloadEngineFactory.cc:197] Neither --rpc-secret nor a combination of --rpc-user and --rpc-passwd is set. This is insecure. It is extremely recommended to specify --rpc-secret with the adequate secrecy or now deprecated --rpc-user and --rpc-passwd.
2016-09-21 22:49:52.863781 [ERROR] [HttpListenCommand.cc:114] IPv4 RPC: failed to bind TCP port 6800
Exception: [SocketCore.cc:301] errorCode=1 绑定接口失败, 原因: 地址已在使用
2016-09-21 22:49:52.863955 [ERROR] [MultiUrlRequestInfo.cc:296] 捕捉到异常
Exception: [DownloadEngineFactory.cc:215] errorCode=1 Failed to setup RPC server.
2016-09-21 22:50:49.235549 [WARN] [DownloadEngineFactory.cc:197] Neither --rpc-secret nor a combination of --rpc-user and --rpc-passwd is set. This is insecure. It is extremely recommended to specify --rpc-secret with the adequate secrecy or now deprecated --rpc-user and --rpc-passwd.
2016-09-21 22:50:49.236646 [ERROR] [HttpListenCommand.cc:114] IPv4 RPC: failed to bind TCP port 6800
Exception: [SocketCore.cc:301] errorCode=1 绑定接口失败, 原因: 地址已在使用
2016-09-21 22:50:49.236804 [ERROR] [MultiUrlRequestInfo.cc:296] 捕捉到异常
Exception: [DownloadEngineFactory.cc:215] errorCode=1 Failed to setup RPC server.
2016-09-22 16:34:16.216463 [WARN] [DownloadEngineFactory.cc:197] Neither --rpc-secret nor a combination of --rpc-user and --rpc-passwd is set. This is insecure. It is extremely recommended to specify --rpc-secret with the adequate secrecy or now deprecated --rpc-user and --rpc-passwd.
2016-09-22 16:36:12.623694 [ERROR] [AbstractCommand.cc:398] CUID#8 - Download aborted. URI=https://d.pcs.baidu.com/file/3bf23ade43727954a73adcf8da70878b?fid=1762852994-250528-771010643107252&time=1474533371&rt=sh&sign=FDTAERV-DCb740ccc5511e5e8fedcff06b081203-dDZYA8AT8xWcTg04LWNg0QrJtx4%3D&expires=8h&chkv=1&chkbd=0&chkpc=&dp-logid=6162143038770559094&dp-callid=0&r=407203408
Exception: [AbstractCommand.cc:398] errorCode=18 URI=http://183.233.12.51:8666/file/3bf23ade43727954a73adcf8da70878b?sdk_id=258&task_id=2485925147050049817&business_id=4097&bkt=p2-nb-608&xcode=0ba0e50bab7390e3c0f5c3a2d89480944a15ca2aed984ad10b2977702d3e6764&fid=1762852994-250528-771010643107252&time=1474533371&sign=FDTAXGERLBH-DCb740ccc5511e5e8fedcff06b081203-5CHCm0wbTsZcqsOH4E8P2mUm134%3D&to=sd&fm=Nin,B,M,mn&sta_dx=337089134&sta_cs=136989&sta_ft=mp4&sta_ct=7&sta_mt=7&fm2=Ningbo,B,M,mn&newver=1&newfm=1&secfm=1&flow_ver=3&pkey=0000f207ee1729b9d00a2113a35fc841f4b6&sl=82706508&expires=8h&rt=sh&r=407203408&mlogid=6162143038770559094&vuk=-&vbdid=-&fin=%5Bttmeiju.com%5DGame.of.Thrones.S05E06.720p.HDTV.x264-IMMERSE_x264.mp4&slt=pm&uta=3&rtype=1&iv=0&isw=0&dp-logid=6162143038770559094&dp-callid=0.1.1&sdk_id=258&csl=561&csign=H6wzyRp5AeM6y4jbdnIRaJMeFng%3D
  -> [RequestGroup.cc:714] errorCode=18 下载已被取消
  -> [util.cc:1453] errNum=13 errorCode=18 目录 /Users/will/Downloads 创建失败, 原因: 权限不够
2016-09-22 16:37:45.643792 [ERROR] [AbstractCommand.cc:398] CUID#10 - Download aborted. URI=https://d.pcs.baidu.com/file/3bf23ade43727954a73adcf8da70878b?fid=1762852994-250528-771010643107252&time=1474533465&rt=sh&sign=FDTAERV-DCb740ccc5511e5e8fedcff06b081203-3n9siQM%2FxPB1WyNQeKDeZ7pe7ns%3D&expires=8h&chkv=1&chkbd=0&chkpc=&dp-logid=6162168043792706891&dp-callid=0&r=780458939
Exception: [AbstractCommand.cc:398] errorCode=18 URI=http://183.233.12.188:8666/file/3bf23ade43727954a73adcf8da70878b?sdk_id=258&task_id=2485931537961451785&business_id=4097&bkt=p2-nb-608&xcode=1e231a998be65fb8fee95145c56ceb504a15ca2aed984ad10b2977702d3e6764&fid=1762852994-250528-771010643107252&time=1474533465&sign=FDTAXGERLBH-DCb740ccc5511e5e8fedcff06b081203-qiHb1JEgvSHgegSw0m43GYtvUlg%3D&to=sd&fm=Nin,B,M,mn&sta_dx=337089134&sta_cs=136990&sta_ft=mp4&sta_ct=7&sta_mt=7&fm2=Ningbo,B,M,mn&newver=1&newfm=1&secfm=1&flow_ver=3&pkey=0000f207ee1729b9d00a2113a35fc841f4b6&sl=81461324&expires=8h&rt=sh&r=780458939&mlogid=6162168043792706891&vuk=-&vbdid=-&fin=%5Bttmeiju.com%5DGame.of.Thrones.S05E06.720p.HDTV.x264-IMMERSE_x264.mp4&slt=pm&uta=3&rtype=1&iv=0&isw=0&dp-logid=6162168043792706891&dp-callid=0.1.1&sdk_id=258&csl=516&csign=dPRF%2FCg%2FNyDD8CzLHtLQQe7k%2BMs%3D
  -> [RequestGroup.cc:714] errorCode=18 下载已被取消
  -> [util.cc:1453] errNum=13 errorCode=18 目录 /Users/will/Downloads 创建失败, 原因: 权限不够
2016-09-22 16:40:23.861448 [ERROR] [AbstractCommand.cc:398] CUID#12 - Download aborted. URI=https://d.pcs.baidu.com/file/3bf23ade43727954a73adcf8da70878b?fid=1762852994-250528-771010643107252&time=1474533623&rt=sh&sign=FDTAERV-DCb740ccc5511e5e8fedcff06b081203-lxNOnyhsoolMY0CgMTdc5xrZxlk%3D&expires=8h&chkv=1&chkbd=0&chkpc=&dp-logid=6162210474652549420&dp-callid=0&r=840000224
Exception: [AbstractCommand.cc:398] errorCode=18 URI=http://183.233.12.51:8666/file/3bf23ade43727954a73adcf8da70878b?sdk_id=258&task_id=2485942395638776179&business_id=4097&bkt=p2-nb-608&xcode=9ff8695018a45e4650cdb034fe39a5584a15ca2aed984ad10b2977702d3e6764&fid=1762852994-250528-771010643107252&time=1474533623&sign=FDTAXGERLBH-DCb740ccc5511e5e8fedcff06b081203-lc9EZQUiaMZDN%2FT%2FeXEEeiH1%2B9w%3D&to=sd&fm=Nin,B,M,mn&sta_dx=337089134&sta_cs=136991&sta_ft=mp4&sta_ct=7&sta_mt=7&fm2=Ningbo,B,M,mn&newver=1&newfm=1&secfm=1&flow_ver=3&pkey=0000f207ee1729b9d00a2113a35fc841f4b6&sl=82640972&expires=8h&rt=sh&r=840000224&mlogid=6162210474652549420&vuk=-&vbdid=-&fin=%5Bttmeiju.com%5DGame.of.Thrones.S05E06.720p.HDTV.x264-IMMERSE_x264.mp4&slt=pm&uta=3&rtype=1&iv=0&isw=0&dp-logid=6162210474652549420&dp-callid=0.1.1&sdk_id=258&csl=562&csign=EC6w9%2BmHm%2BsJ6%2BkhSfgKgUxnZwY%3D
  -> [RequestGroup.cc:714] errorCode=18 下载已被取消
  -> [util.cc:1453] errNum=13 errorCode=18 目录 /Users/will/Downloads 创建失败, 原因: 权限不够
2016-09-22 16:43:11.474739 [ERROR] [AbstractCommand.cc:398] CUID#14 - Download aborted. URI=https://d.pcs.baidu.com/file/3bf23ade43727954a73adcf8da70878b?fid=1762852994-250528-771010643107252&time=1474533790&rt=sh&sign=FDTAERV-DCb740ccc5511e5e8fedcff06b081203-uiT8j6kzSdIiLf8NUezGVEL2%2BtQ%3D&expires=8h&chkv=1&chkbd=0&chkpc=&dp-logid=6162255462219620514&dp-callid=0&r=425929404
Exception: [AbstractCommand.cc:398] errorCode=18 URI=http://183.233.12.51:8666/file/3bf23ade43727954a73adcf8da70878b?sdk_id=258&task_id=2485953940510867695&business_id=4097&bkt=p2-nb-608&xcode=80621fff8a14c77ee4509f022107c9a44a15ca2aed984ad10b2977702d3e6764&fid=1762852994-250528-771010643107252&time=1474533790&sign=FDTAXGERLBH-DCb740ccc5511e5e8fedcff06b081203-TEdyTz0jGQN7%2B4qsq8iM7%2Fts8MQ%3D&to=sd&fm=Nin,B,M,mn&sta_dx=337089134&sta_cs=136992&sta_ft=mp4&sta_ct=7&sta_mt=7&fm2=Ningbo,B,M,mn&newver=1&newfm=1&secfm=1&flow_ver=3&pkey=0000f207ee1729b9d00a2113a35fc841f4b6&sl=83099724&expires=8h&rt=sh&r=425929404&mlogid=6162255462219620514&vuk=-&vbdid=-&fin=%5Bttmeiju.com%5DGame.of.Thrones.S05E06.720p.HDTV.x264-IMMERSE_x264.mp4&slt=pm&uta=3&rtype=1&iv=0&isw=0&dp-logid=6162255462219620514&dp-callid=0.1.1&sdk_id=258&csl=555&csign=edhWxg50AjuNosyPV5VeA9ePrrM%3D
  -> [RequestGroup.cc:714] errorCode=18 下载已被取消
  -> [util.cc:1453] errNum=13 errorCode=18 目录 /Users/will/Downloads 创建失败, 原因: 权限不够
2016-09-22 16:44:32.789433 [ERROR] [AbstractCommand.cc:398] CUID#16 - Download aborted. URI=https://d.pcs.baidu.com/file/3bf23ade43727954a73adcf8da70878b?fid=1762852994-250528-771010643107252&time=1474533872&rt=sh&sign=FDTAERV-DCb740ccc5511e5e8fedcff06b081203-BHOgKR9e5LaPdv0Hb3hi9pFEf30%3D&expires=8h&chkv=1&chkbd=0&chkpc=&dp-logid=6162277308618512407&dp-callid=0&r=861513689
Exception: [AbstractCommand.cc:398] errorCode=18 URI=http://183.233.12.51:8666/file/3bf23ade43727954a73adcf8da70878b?sdk_id=258&task_id=2485959506788483398&business_id=4097&bkt=p2-nb-608&xcode=379760b58e9ae7a0cc4ed9670828caed4a15ca2aed984ad10b2977702d3e6764&fid=1762852994-250528-771010643107252&time=1474533872&sign=FDTAXGERLBH-DCb740ccc5511e5e8fedcff06b081203-51AA1KU%2BVmA935wv2WU9H6tszm8%3D&to=sd&fm=Nin,B,M,mn&sta_dx=337089134&sta_cs=136993&sta_ft=mp4&sta_ct=7&sta_mt=7&fm2=Ningbo,B,M,mn&newver=1&newfm=1&secfm=1&flow_ver=3&pkey=0000f207ee1729b9d00a2113a35fc841f4b6&sl=83099724&expires=8h&rt=sh&r=861513689&mlogid=6162277308618512407&vuk=-&vbdid=-&fin=%5Bttmeiju.com%5DGame.of.Thrones.S05E06.720p.HDTV.x264-IMMERSE_x264.mp4&slt=pm&uta=3&rtype=1&iv=0&isw=0&dp-logid=6162277308618512407&dp-callid=0.1.1&sdk_id=258&csl=555&csign=edhWxg50AjuNosyPV5VeA9ePrrM%3D
  -> [RequestGroup.cc:714] errorCode=18 下载已被取消
  -> [util.cc:1453] errNum=13 errorCode=18 目录 /Users/will/Downloads 创建失败, 原因: 权限不够
2016-09-22 16:50:28.367392 [ERROR] [AbstractCommand.cc:398] CUID#18 - Download aborted. URI=https://d.pcs.baidu.com/file/3bf23ade43727954a73adcf8da70878b?fid=1762852994-250528-771010643107252&time=1474534227&rt=sh&sign=FDTAERV-DCb740ccc5511e5e8fedcff06b081203-eDgs64KJmCuvpXMcoLFcrfLDpRc%3D&expires=8h&chkv=1&chkbd=0&chkpc=&dp-logid=6162372769405196403&dp-callid=0&r=357602502
Exception: [AbstractCommand.cc:398] errorCode=18 URI=http://183.233.12.188:8666/file/3bf23ade43727954a73adcf8da70878b?sdk_id=258&task_id=2485983970922135708&business_id=4097&bkt=p2-nb-608&xcode=301034eaaf2dc8309753e8f87c3b94bd4a15ca2aed984ad10b2977702d3e6764&fid=1762852994-250528-771010643107252&time=1474534227&sign=FDTAXGERLBH-DCb740ccc5511e5e8fedcff06b081203-fMq7jYSLpms7vtVRz8oBKkB3Sdo%3D&to=sd&fm=Nin,B,M,mn&sta_dx=337089134&sta_cs=136994&sta_ft=mp4&sta_ct=7&sta_mt=7&fm2=Ningbo,B,M,mn&newver=1&newfm=1&secfm=1&flow_ver=3&pkey=0000f207ee1729b9d00a2113a35fc841f4b6&sl=82182220&expires=8h&rt=sh&r=357602502&mlogid=6162372769405196403&vuk=-&vbdid=-&fin=%5Bttmeiju.com%5DGame.of.Thrones.S05E06.720p.HDTV.x264-IMMERSE_x264.mp4&slt=pm&uta=3&rtype=1&iv=0&isw=0&dp-logid=6162372769405196403&dp-callid=0.1.1&sdk_id=258&csl=569&csign=mBL4809TC6kcFhaEeiStf4YRfAk%3D
  -> [RequestGroup.cc:714] errorCode=18 下载已被取消
  -> [util.cc:1453] errNum=13 errorCode=18 目录 /Users/will/Downloads 创建失败, 原因: 权限不够
2016-09-22 16:52:29.801301 [WARN] [DownloadEngineFactory.cc:197] Neither --rpc-secret nor a combination of --rpc-user and --rpc-passwd is set. This is insecure. It is extremely recommended to specify --rpc-secret with the adequate secrecy or now deprecated --rpc-user and --rpc-passwd.
2016-09-23 20:06:50.826998 [WARN] [DownloadEngineFactory.cc:197] Neither --rpc-secret nor a combination of --rpc-user and --rpc-passwd is set. This is insecure. It is extremely recommended to specify --rpc-secret with the adequate secrecy or now deprecated --rpc-user and --rpc-passwd.
2016-09-23 20:07:28.692010 [WARN] [DownloadEngineFactory.cc:197] Neither --rpc-secret nor a combination of --rpc-user and --rpc-passwd is set. This is insecure. It is extremely recommended to specify --rpc-secret with the adequate secrecy or now deprecated --rpc-user and --rpc-passwd.
2016-09-23 20:07:28.697695 [ERROR] [HttpListenCommand.cc:114] IPv4 RPC: failed to bind TCP port 6800
Exception: [SocketCore.cc:301] errorCode=1 绑定接口失败, 原因: 地址已在使用
2016-09-23 20:07:28.698205 [ERROR] [MultiUrlRequestInfo.cc:296] 捕捉到异常
Exception: [DownloadEngineFactory.cc:215] errorCode=1 Failed to setup RPC server.
2016-09-23 20:07:43.365867 [WARN] [DownloadEngineFactory.cc:197] Neither --rpc-secret nor a combination of --rpc-user and --rpc-passwd is set. This is insecure. It is extremely recommended to specify --rpc-secret with the adequate secrecy or now deprecated --rpc-user and --rpc-passwd.
2016-09-23 20:07:43.366061 [ERROR] [HttpListenCommand.cc:114] IPv4 RPC: failed to bind TCP port 6800
Exception: [SocketCore.cc:301] errorCode=1 绑定接口失败, 原因: 地址已在使用
2016-09-23 20:07:43.366096 [ERROR] [MultiUrlRequestInfo.cc:296] 捕捉到异常
Exception: [DownloadEngineFactory.cc:215] errorCode=1 Failed to setup RPC server.
2016-09-23 20:08:11.857037 [WARN] [DownloadEngineFactory.cc:197] Neither --rpc-secret nor a combination of --rpc-user and --rpc-passwd is set. This is insecure. It is extremely recommended to specify --rpc-secret with the adequate secrecy or now deprecated --rpc-user and --rpc-passwd.
2016-09-23 20:08:11.857237 [ERROR] [HttpListenCommand.cc:114] IPv4 RPC: failed to bind TCP port 6800
Exception: [SocketCore.cc:301] errorCode=1 绑定接口失败, 原因: 地址已在使用
2016-09-23 20:08:11.857277 [ERROR] [MultiUrlRequestInfo.cc:296] 捕捉到异常
Exception: [DownloadEngineFactory.cc:215] errorCode=1 Failed to setup RPC server.
